\BOOKMARK [1][-]{section.1}{Introduction}{}% 1
\BOOKMARK [1][-]{section.2}{Dataset Description}{}% 2
\BOOKMARK [2][-]{subsection.2.1}{Attributes}{section.2}% 3
\BOOKMARK [2][-]{subsection.2.2}{Data Structuring and Normalization}{section.2}% 4
\BOOKMARK [2][-]{subsection.2.3}{Splitting the data}{section.2}% 5
\BOOKMARK [1][-]{section.3}{Algorithms}{}% 6
\BOOKMARK [2][-]{subsection.3.1}{Gaussian Na\357ve Bayes}{section.3}% 7
\BOOKMARK [3][-]{subsubsection.3.1.1}{Implementation Details}{subsection.3.1}% 8
\BOOKMARK [3][-]{subsubsection.3.1.2}{Error On Test Set}{subsection.3.1}% 9
\BOOKMARK [2][-]{subsection.3.2}{Discrete Na\357ve Bayes}{section.3}% 10
\BOOKMARK [3][-]{subsubsection.3.2.1}{Implementation Details}{subsection.3.2}% 11
\BOOKMARK [3][-]{subsubsection.3.2.2}{Error On Test Set}{subsection.3.2}% 12
\BOOKMARK [2][-]{subsection.3.3}{Logistic Regression}{section.3}% 13
\BOOKMARK [3][-]{subsubsection.3.3.1}{Implementation Details}{subsection.3.3}% 14
\BOOKMARK [3][-]{subsubsection.3.3.2}{Hyperparameters}{subsection.3.3}% 15
\BOOKMARK [1][-]{section.4}{Discussion of Results}{}% 16
\BOOKMARK [2][-]{subsection.4.1}{Best Possible Performance}{section.4}% 17
\BOOKMARK [2][-]{subsection.4.2}{Recommendations to Others Working on This Data}{section.4}% 18
\BOOKMARK [1][-]{section.5}{Appendix A}{}% 19
\BOOKMARK [2][-]{subsection.5.1}{ Description of datapoint after extraction through jAudio}{section.5}% 20
